node_modules/.bin/tsc server/ennuicastr.ts --outFile server/ennuicastr.js.tmp
mv server/ennuicastr.js.tmp server/ennuicastr.js
gcc -O3 cook/oggcorrect.c -o cook/oggcorrect
gcc -O3 cook/oggduration.c -o cook/oggduration
gcc -O3 cook/oggmeta.c -o cook/oggmeta
gcc -O3 cook/oggstender.c -o cook/oggstender
gcc -O3 cook/oggtracks.c -o cook/oggtracks
gcc -O3 cook/wavduration.c -o cook/wavduration
cook/wavduration.c: In function ‘main’:
cook/wavduration.c:87:9: warning: ignoring return value of ‘write’ declared with attribute ‘warn_unused_result’ [-Wunused-result]
   87 |         write(1, &wavHeader, bufUsed);
      |         ^~~~~~~~~~~~~~~~~~~~~~~~~~~~~
cook/wavduration.c:154:9: warning: ignoring return value of ‘write’ declared with attribute ‘warn_unused_result’ [-Wunused-result]
  154 |         write(1, &wavHeader, sizeof(struct WavHeader));
      |         ^~~~~~~~~~~~~~~~~~~~~~~~~~~~~~~~~~~~~~~~~~~~~~
cook/wavduration.c:160:13: warning: ignoring return value of ‘write’ declared with attribute ‘warn_unused_result’ [-Wunused-result]
  160 |             write(1, &sectHeader, sizeof(sectHeader));
      |             ^~~~~~~~~~~~~~~~~~~~~~~~~~~~~~~~~~~~~~~~~
cook/wavduration.c:161:13: warning: ignoring return value of ‘write’ declared with attribute ‘warn_unused_result’ [-Wunused-result]
  161 |             write(1, &ds64Header, sizeof(ds64Header));
      |             ^~~~~~~~~~~~~~~~~~~~~~~~~~~~~~~~~~~~~~~~~
cook/wavduration.c:167:9: warning: ignoring return value of ‘write’ declared with attribute ‘warn_unused_result’ [-Wunused-result]
  167 |         write(1, &sectHeader, sizeof(sectHeader));
      |         ^~~~~~~~~~~~~~~~~~~~~~~~~~~~~~~~~~~~~~~~~
cook/wavduration.c:168:9: warning: ignoring return value of ‘write’ declared with attribute ‘warn_unused_result’ [-Wunused-result]
  168 |         write(1, &fmtHeader, sizeof(fmtHeader));
      |         ^~~~~~~~~~~~~~~~~~~~~~~~~~~~~~~~~~~~~~~
cook/wavduration.c:169:9: warning: ignoring return value of ‘write’ declared with attribute ‘warn_unused_result’ [-Wunused-result]
  169 |         write(1, fmtHeaderExtra, fmtHeaderExtraSz);
      |         ^~~~~~~~~~~~~~~~~~~~~~~~~~~~~~~~~~~~~~~~~~
cook/wavduration.c:174:9: warning: ignoring return value of ‘write’ declared with attribute ‘warn_unused_result’ [-Wunused-result]
  174 |         write(1, &sectHeader, sizeof(sectHeader));
      |         ^~~~~~~~~~~~~~~~~~~~~~~~~~~~~~~~~~~~~~~~~
cook/wavduration.c:178:9: warning: ignoring return value of ‘write’ declared with attribute ‘warn_unused_result’ [-Wunused-result]
  178 |         write(1, &wavHeader, sizeof(struct WavHeader));
      |         ^~~~~~~~~~~~~~~~~~~~~~~~~~~~~~~~~~~~~~~~~~~~~~
cook/wavduration.c:189:9: warning: ignoring return value of ‘write’ declared with attribute ‘warn_unused_result’ [-Wunused-result]
  189 |         write(1, buf, bufUsed);
      |         ^~~~~~~~~~~~~~~~~~~~~~
cook/wavduration.c:196:13: warning: ignoring return value of ‘write’ declared with attribute ‘warn_unused_result’ [-Wunused-result]
  196 |             write(1, buf, bufSz);
      |             ^~~~~~~~~~~~~~~~~~~~
cook/wavduration.c:199:13: warning: ignoring return value of ‘write’ declared with attribute ‘warn_unused_result’ [-Wunused-result]
  199 |             write(1, buf, bytes);
      |             ^~~~~~~~~~~~~~~~~~~~
cd web-js/download-processor && make
make[1]: Entering directory '/app/web-js/download-processor'
npm install

added 94 packages, and audited 95 packages in 2s

18 packages are looking for funding
  run `npm fund` for details

found 0 vulnerabilities
npm run build

> @ennuicastr/download-processor@0.0.1 build
> rollup -c

[36m
[1msrc/main.ts[22m → [1mdist/ennuicastr-download-processor.js, dist/ennuicastr-download-processor.min.js[22m...[39m
[32mcreated [1mdist/ennuicastr-download-processor.js, dist/ennuicastr-download-processor.min.js[22m in [1m2.9s[22m[39m
make[1]: Leaving directory '/app/web-js/download-processor'
cp web-js/download-processor/node_modules/\@ennuicastr/dl-stream/dist/ecdssw.min.js web/ecdssw.min.js
cp web-js/download-processor/dist/ennuicastr-download-processor.min.js web/panel/rec/dl/ennuicastr-download-processor.min.js
cd web-js/download-chooser && make
make[1]: Entering directory '/app/web-js/download-chooser'
npm install

added 37 packages, and audited 38 packages in 5s

6 packages are looking for funding
  run `npm fund` for details

4 vulnerabilities (1 moderate, 3 high)

To address issues that do not require attention, run:
  npm audit fix

To address all issues (including breaking changes), run:
  npm audit fix --force

Run `npm audit` for details.
npm run build

> build
> rollup -c

[36m
[1msrc/chooser.ts[22m → [1mdist/ennuicastr-download-chooser.js, dist/ennuicastr-download-chooser.min.js[22m...[39m
[32mcreated [1mdist/ennuicastr-download-chooser.js, dist/ennuicastr-download-chooser.min.js[22m in [1m2.9s[22m[39m
make[1]: Leaving directory '/app/web-js/download-chooser'
cp web-js/download-chooser/dist/ennuicastr-download-chooser.min.js web/panel/rec/dl/ennuicastr-download-chooser.min.js
cp web-js/download-processor/node_modules/localforage/dist/localforage.min.js web/assets/js/localforage.min.js
cp web-js/download-processor/node_modules/\@ennuicastr/libspecbleach.js/dist/libspecbleach-0.1.7-js2.* web/assets/libs/
cp web-js/download-processor/node_modules/yalap.js/dist/yalap-1.0.1-zip.* web/assets/libs/
